 1099  docker image rm node-app-image
 1100  docker image ls
 1101  docker ps
 1102  docker ps -a
 1103  docker rm f97429f3c18c -f
 1104  docker ps -a
 1105  docker ps 
 1106  docker image ls
 1107  docker image rm 3d3f41722daf -f
 1108  docker image ls
 1109  docker image prune
 1110  docker image ls
 1111  docker image rm node
 1112  docker image rm 3d3f41722daf
 1113  docker image ls
 1114  clear
 1115  cd /home/becode/Docker-node
 1116  code .
 1117  d
 1118  cd
 1119  cd docker_composer
 1120  code .
 1121  bash -c 'for W in $(wmctrl -l |grep "Visual Studio Code" |awk '"'"'{print $1}'"'"'); do xprop -id $W -format _NET_WM_WINDOW_OPACITY 32c -set _NET_WM_WINDOW_OPACITY $(printf 0x%x $((0xffffffff * 97 / 100))); done'
 1122  exit
 1123  node index.js
 1124  clear
 1125  docker build .
 1126  clear
 1127  docker build .
 1128  clear
 1129  docker build .
 1130  clear
 1131  docker build .
 1132  docker image ls
 1133  docker image rm f50de78d8e46
 1134  docker image ls
 1135  docker build -t node-app-image .
 1136  docker image ls
 1137  docker run -p 3000:3000 -d --name node-app node-app-image
 1138  docker ps
 1139  docker ps -a
 1140  docker rm node-app -f
 1141  docker ps -a
 1142  docker ps 
 1143  docker run -d --name node-app node-app-image
 1144  docker ps 
 1145  docker image ls
 1146  docker rm node-app -f
 1147  clear
 1148  docker image ls
 1149  docker image rm bdd03b767436
 1150  docker image rm 147af8719073
 1151  docker image ls
 1152  docker ps
 1153  clear
 1154  docker build .
 1155  docker image ls
 1156  docker image rm 41aebb406f31
 1157  docker image ls
 1158  docker build -t node-app-image .
 1159  docker image ls
 1160  docker run -d --name node-app node-app-image 
 1161  docker ps
 1162  docker run -d --name node-app node-app-image 
 1163  docker ps
 1164  docker run -d --name node-app node-app-image .
 1165  docker ps
 1166  docker image ls
 1167  docker image rm db1d88f31150
 1168  docker image ls
 1169  docker ps
 1170  docker image rm node-app-image 
 1171  docker build .
 1172  docker build -t node-app-image .
 1173  docker ps
 1174  docker image ls
 1175  docker image prune
 1176  docker image ls
 1177  docker image rm 3d3f41722daf
 1178  docker rm node-app -f
 1179  docker image rm db1d88f31150
 1180  docker image ls
 1181  clear
 1182  docker build -t node-app-image .
 1183  docker ps
 1184  npm install
 1185  bash -c 'for W in $(wmctrl -l |grep "Visual Studio Code" |awk '"'"'{print $1}'"'"'); do xprop -id $W -format _NET_WM_WINDOW_OPACITY 32c -set _NET_WM_WINDOW_OPACITY $(printf 0x%x $((0xffffffff * 97 / 100))); done'
 1186  exit
 1187  docker ps
 1188  docker image ls
 1189  docker  rm  node-app -f
 1190  docker image rm f25027c142db
 1191  docker image rm 3d3f41722daf
 1192  docker image ls
 1193  clear
 1194  npm init -y
 1195  npm i express
 1196  docker image ls
 1197  clear
 1198  git add .
 1199  git commit -m "done"
 1200  git push
 1201  clear
 1202  docker build .
 1203  docker image ls
 1204  docker image rm 529f6adbc47f
 1205  docker image ls
 1206  docker build -t node-app-image .
 1207  docker image ls
 1208  docker ps
 1209  docker build -t node-app-image .
 1210  docker image ls
 1211  docker ps
 1212  docker run -p 3000:3000 -d --name node-app node-app-image
 1213  docker ps
 1214  docker exec -it node-app bash
 1215  docker ps
 1216  docker rm nide-app -f
 1217  docker rm node-app -f
 1218  docker build -t node-app-image .
 1219  docker run -p 3000:3000 -d --name node-app node-app-image
 1220  docker ps
 1221  docker exec -it node-app bash
 1222  docker rm node-app -f
 1223  docker run -v $(pwd):/app -p 3000:3000 -d --name node-app node-app-image 
 1224  docker ps
 1225  docker exec -it node-app bash
 1226  docker rm node-app -f
 1227  npm install nodemon --save-dev
 1228  docker run -v $(pwd):/app -p 3000:3000 -d --name node-app node-app-image 
 1229  docker rm node-app -f
 1230  docker build -t node-app-image .
 1231  docker run -v $(pwd):/app -p 3000:3000 -d --name node-app node-app-image 
 1232  docker rm node-app -f
 1233  docker run -v $(pwd):/app -v /app/node_modules -p 3000:3000 -d --name node-app node-app-image 
 1234  docker ps
 1235  docker rm node-app -f
 1236  docker run -v $(pwd):/app -v /app/node_modules --env-file ./.env -p 3000:4000 -d --name node-app node-app-image 
 1237  docker ps
 1238  docker exec -it node-app bash
 1239  docker ps
 1240  clear
 1241  docker ps
 1242  docker volume ls
 1243  docker volume prune
 1244  docker volume ls
 1245  docker rm node-app -fv
 1246  docker ps
 1247  docker volume ls
 1248  git add .
 1249  git commit -m "added"
 1250  git push
 1251  git add .
 1252  git commit -m "done"
 1253  git push
 1254  git clone git@github.com:Thierno04/Docker.git
 1255  cd Docker
 1256  ls
 1257  touch index.js
 1258  ls
 1259  npm init -y
 1260  ls
 1261  git add .
 1262  git commit -m "commit node"
 1263  git push
 1264  cd
 1265  systemctl status docker
 1266  cd Docker
 1267  ls
 1268  code .
 1269  clear
 1270  node -version
 1271  node --version
 1272  npm i
 1273  cd
 1274  ansible --version
 1275  su -
 1276  bash -c 'for W in $(wmctrl -l |grep "Visual Studio Code" |awk '"'"'{print $1}'"'"'); do xprop -id $W -format _NET_WM_WINDOW_OPACITY 32c -set _NET_WM_WINDOW_OPACITY $(printf 0x%x $((0xffffffff * 97 / 100))); done'
 1277  exit
 1278  git add .
 1279  git commit -m "docker compose"
 1280  git push
 1281  git add .
 1282  git commit -m "docker compose"
 1283  git push
 1284  npm i mongoose
 1285  npm install mongoose
 1286  sudo npm install mongoose
 1287  npm run dev
 1288  sudo npm uninstall mongoose
 1289  git add nginx
 1290  git commit -m "nginx"
 1291  git push
 1292  git status
 1293  git add nginx/default.conf
 1294  git commit -m "nginx"
 1295  git push
 1296  docker ps
 1297  docker image ls
 1298  docker image prune
 1299  docker image ls
 1300  docker ps
 1301  docker-compose up -d
 1302  docker image ls
 1303  docker ps
 1304  docker-compose down -v
 1305  docker ps
 1306  docker-compose up -d
 1307  docker ps
 1308  docker-compose down -v
 1309  docker-compose up -d --build
 1310  docker ps
 1311  docker-compose down -v
 1312  docker-compose -f docker-compose.yml -f docker-compose.dev.yml up -d
 1313  docker ps
 1314  docker-compose -f docker-compose.yml -f docker-compose.dev.yml down -v
 1315  docker-compose -f docker-compose.yml -f docker-compose.prod.yml up -d
 1316  docker-compose -f docker-compose.yml -f docker-compose.prod.yml down -v
 1317  docker-compose -f docker-compose.yml -f docker-compose.prod.yml up -d --build
 1318  docker ps
 1319  docker exec -it docker_node-app_1 bash
 1320  docker-compose -f docker-compose.yml -f docker-compose.prod.yml down -v
 1321  docker-compose -f docker-compose.yml -f docker-compose.dev.yml up -d --build
 1322  docker ps
 1323  docker-compose -f docker-compose.yml -f docker-compose.dev.yml down -v
 1324  docker-compose -f docker-compose.yml -f docker-compose.prod.yml up -d --build
 1325  docker ps
 1326  docker exec -it docker_node-app_1 bash
 1327  docker-compose -f docker-compose.yml -f docker-compose.prod.yml down -v
 1328  docker-compose -f docker-compose.yml -f docker-compose.dev.yml up -d 
 1329  docker ps
 1330  docker-compose -f docker-compose.yml -f docker-compose.dev.yml down -v
 1331  docker ps
 1332  docker-compose -f docker-compose.yml -f docker-compose.prod.yml up -d --build
 1333  docker-compose -f docker-compose.yml -f docker-compose.dev.yml up -d 
 1334  docker ps
 1335  docker-compose -f docker-compose.yml -f docker-compose.dev.yml down -v
 1336  docker ps
 1337  docker-compose -f docker-compose.yml -f docker-compose.prod.yml up -d --build
 1338  docker ps
 1339  docker-compose -f docker-compose.yml -f docker-compose.dev.yml up -d 
 1340  docker ps
 1341  docker image ls
 1342  docker image prune
 1343  docker image ls
 1344  docker ps
 1345  docker-compose -f docker-compose.yml -f docker-compose.prod.yml up -d --build
 1346  docker ps
 1347  docker exec -it docker_mongo_1 bash
 1348  docker ps
 1349  docker exec -it docker_mongo_1 bash
 1350  docker-compose -f docker-compose.yml -f docker-compose.dev.yml down -v
 1351  docker-compose -f docker-compose.yml -f docker-compose.prod.yml down -v
 1352  docker ps
 1353  docker-compose -f docker-compose.yml -f docker-compose.prod.yml up -d --build
 1354  docker ps
 1355  docker-compose -f docker-compose.yml -f docker-compose.dev.yml up -d 
 1356  docker ps
 1357  docker-compose -f docker-compose.yml -f docker-compose.dev.yml down -v
 1358  docker ps
 1359  docker-compose -f docker-compose.yml -f docker-compose.prod.yml up -d --build
 1360  docker ps
 1361  docker-compose -f docker-compose.yml -f docker-compose.dev.yml up -d 
 1362  docker ps
 1363  docker-compose -f docker-compose.yml -f docker-compose.prod.yml up -d --build
 1364  docker ps
 1365  docker exec -it docker_mongo_1 bash
 1366  docker-compose -f docker-compose.yml -f docker-compose.dev.yml down -v
 1367  docker-compose -f docker-compose.yml -f docker-compose.prod.yml down -v
 1368  docker ps
 1369  docker-compose -f docker-compose.yml -f docker-compose.prod.yml up -d --build
 1370  docker ps
 1371  docker-compose -f docker-compose.yml -f docker-compose.dev.yml up -d 
 1372  docker ps
 1373  docker exec -it docker_mongo_1 bash
 1374  docker ps
 1375  docker-compose -f docker-compose.yml -f docker-compose.prod.yml up -d --build
 1376  docker ps
 1377  docker-compose -f docker-compose.yml -f docker-compose.dev.yml down -v
 1378  docker-compose -f docker-compose.yml -f docker-compose.dev.yml up -d
 1379  docker ps
 1380  docker exec -it docker_mongo_1 bash
 1381  docker-compose -f docker-compose.yml -f docker-compose.dev.yml down -v
 1382  docker ps
 1383  docker-compose -f docker-compose.yml -f docker-compose.prod.yml up -d --build
 1384  docker ps
 1385  docker-compose -f docker-compose.yml -f docker-compose.prod.yml down -v
 1386  docker ps
 1387  docker-compose -f docker-compose.yml -f docker-compose.prod.yml up -d --build
 1388  docker ps
 1389  docker-compose -f docker-compose.yml -f docker-compose.dev.yml up -d
 1390  docker ps
 1391  docker exec -it docker_mongo_1 bash
 1392  docker exec -it mongo -u "thiernos" -p "root"
 1393  docker-compose -f docker-compose.yml -f docker-compose.prod.yml up -d --build
 1394  docker ps
 1395  docker exec -it mongo -u "thiernos" -p "root"
 1396  docker ps
 1397  docker stop docker_node-app
 1398  docker stop mongo
 1399  docker stop docker_mongo_1
 1400  docker stop docker_node-app_1
 1401  docker ps
 1402  docker-compose -f docker-compose.yml -f docker-compose.prod.yml up -d --build
 1403  docker ps
 1404  docker-compose -f docker-compose.yml -f docker-compose.dev.yml up -d
 1405  docker ps
 1406  docker-compose -f docker-compose.yml -f docker-compose.prod.yml up -d --build
 1407  docker ps
 1408  docker exec -it mongo -u "thiernos" -p "root"
 1409  docker-compose -f docker-compose.yml -f docker-compose.prod.yml down -v
 1410  docker ps
 1411  docker-compose -f docker-compose.yml -f docker-compose.dev.yml down -v
 1412  docker ps
 1413  docker-compose -f docker-compose.yml -f docker-compose.prod.yml up -d --build
 1414  docker ps
 1415  docker exec -it mongo -u "thiernos" -p "root"
 1416  docker-compose -f docker-compose.yml -f docker-compose.prod.yml down -v
 1417  docker ps
 1418  docker-compose -f docker-compose.yml -f docker-compose.prod.yml up -d --build
 1419  docker ps
 1420  docker-compose -f docker-compose.yml -f docker-compose.dev.yml down 
 1421  docker ps
 1422  docker exec -it docker_mongo_1 bash
 1423  docker-compose -f docker-compose.yml -f docker-compose.dev.yml down -v
 1424  docker volume ls
 1425  docker volume prune
 1426  docker volume ls
 1427  docker-compose -f docker-compose.yml -f docker-compose.dev.yml up -d
 1428  docker ps
 1429  docker exec -it docker_mongo_1 bash
 1430  docker ps
 1431  docker-compose -f docker-compose.yml -f docker-compose.dev.yml down -v
 1432  docker-compose -f docker-compose.yml -f docker-compose.dev.yml up -d
 1433  docker ps
 1434  docker exec -it docker_mongo_1 mongo -u "thiernos" -p "mypassword"
 1435  docker-compose -f docker-compose.yml -f docker-compose.dev.yml down -v
 1436  docker-compose -f docker-compose.yml -f docker-compose.dev.yml down 
 1437  docker ps
 1438  clear
 1439  docker ps
 1440  docker-compose -f docker-compose.yml -f docker-compose.prod.yml down -v
 1441  docker ps
 1442  docker-compose -f docker-compose.yml -f docker-compose.dev.yml up -d --build
 1443  docker-compose -f docker-compose.yml -f docker-compose.dev.yml down -v
 1444  docker-compose -f docker-compose.yml -f docker-compose.prod.yml up -d --build
 1445  docker ps
 1446  docker exec -it docker_node-app_1 bash
 1447  docker-compose -f docker-compose.yml -f docker-compose.dev.yml up -d 
 1448  docker ps
 1449  docker exec -it docker_mongo_1 bash
 1450  docker-compose -f docker-compose.yml -f docker-compose.prod.yml down -v
 1451  docker ps
 1452  docker-compose -f docker-compose.yml -f docker-compose.dev.yml up -d 
 1453  docker ps
 1454  docker exec -it docker_mongo_1 bash
 1455  docker-compose -f docker-compose.yml -f docker-compose.dev.yml down -V
 1456  docker-compose -f docker-compose.yml -f docker-compose.dev.yml down -v
 1457  docker ps
 1458  docker-compose -f docker-compose.yml -f docker-compose.dev.yml down -v
 1459  docker ps
 1460  docker-compose -f docker-compose.yml -f docker-compose.prod.yml up -d --build
 1461  docker-compose -f docker-compose.yml -f docker-compose.dev.yml down -v
 1462  docker ps
 1463  docker-compose -f docker-compose.yml -f docker-compose.dev.yml up -d
 1464  docker ps
 1465  docker exec -it mongo -u "thiernos" -p "mypassword"
 1466  docker ps
 1467  docker-compose -f docker-compose.yml -f docker-compose.dev.yml down
 1468  docker-compose -f docker-compose.yml -f docker-compose.dev.yml down -v
 1469  docker-compose -f docker-compose.yml -f docker-compose.prod.yml up -d --build
 1470  docker ps
 1471  docker-compose -f docker-compose.yml -f docker-compose.dev.yml up -d
 1472  docker ps
 1473  docker-compose -f docker-compose.yml -f docker-compose.prod.yml up -d --build
 1474  docker ps
 1475  docker exec -it docker_mongo_1 bash
 1476  docker-compose -f docker-compose.yml -f docker-compose.dev.yml up -d
 1477  docker ps
 1478  docker-compose -f docker-compose.yml -f docker-compose.prod.yml up -d --build
 1479  docker ps
 1480  docker exec -it docker_mongo_1 bash
 1481  docker ps
 1482  docker-compose -f docker-compose.yml -f docker-compose.dev.yml down -v
 1483  docker volume ls
 1484  docker volume prune
 1485  docker volume ls
 1486  docker-compose -f docker-compose.yml -f docker-compose.dev.yml up -d
 1487  docker volume ls
 1488  docker-compose -f docker-compose.yml -f docker-compose.dev.yml up -d
 1489  docker volume ls
 1490  docker volume prune
 1491  docker volume ls
 1492  docker ps
 1493  docker-compose -f docker-compose.yml -f docker-compose.prod.yml up -d --build
 1494  docker ps
 1495  docker volume ls
 1496  docker volume prune
 1497  docker volume ls
 1498  docker ps
 1499  docker exec -it mongo -u "thiernos" -p "mypassword"
 1500  docker ps
 1501  docker-compose -f docker-compose.yml -f docker-compose.dev.yml down -v
 1502  docker-compose -f docker-compose.yml -f docker-compose.prod.yml down -v
 1503  docker ps
 1504  clear
 1505  docker volume ls
 1506  bash -c 'for W in $(wmctrl -l |grep "Visual Studio Code" |awk '"'"'{print $1}'"'"'); do xprop -id $W -format _NET_WM_WINDOW_OPACITY 32c -set _NET_WM_WINDOW_OPACITY $(printf 0x%x $((0xffffffff * 97 / 100))); done'
 1507  exit
 1508  npm install nodemon --save-dev
 1509  docker-compose -f docker-compose.yml -f docker-compose.prod.yml up -d --build
 1510  npm i mongoose
 1511  git init
 1512  git add .
 1513  git commit -m "first commit"
 1514  git branch -M main
 1515  git remote add origin git@github.com:Thierno04/docker_node_express.git
 1516  git push -u origin main
 1517  git add .
 1518  git commit -m "added mongodb"
 1519  git push
 1520  npm i bcryptjs
 1521  npm install bcryptjs
 1522  sudo npm install bcryptjs
 1523  clear
 1524  npm install redis connect-redis express-session
 1525  sudo npm install redis connect-redis express-session
 1526  sudo npm install -g redis-cli
 1527  cp redis-server /usr/bin/redis-server
 1528  git add .
 1529  git commit -m "redis"
 1530  git push
 1531  docker ps
 1532  node index.js
 1533  clear
 1534  node index.js
 1535  docker build .
 1536  docker build -t node-app-image .
 1537  docker image ls
 1538  docker image prune
 1539  docker image ls
 1540  docker image rm fb0c8ec40873
 1541  docker image rm ff5708d7a90e
 1542  docker image ls
 1543  docker image rm 147af8719073
 1544  docker image rm 1cca5cf68239
 1545  docker image ls
 1546  docker ps
 1547  clear
 1548  docker build .
 1549  docker image ls
 1550  clear
 1551  docker build .
 1552  docker image ls
 1553  docker ps
 1554  docker build .
 1555  docker image ls
 1556  docker image rm 7a0447171d72
 1557  docker image ls
 1558  docker build -t node-app-image .
 1559  docker image ls
 1560  docker run -d --name node-app node-app-image
 1561  docker ps
 1562  docker rm node-app -f
 1563  docker run -p 3000:3000 -d --name node-app -node-app-image
 1564  docker ps
 1565  docker run -p 3000:3000 -d --name node-app node-app-image
 1566  docker ps
 1567  docker exec -it node-app bash
 1568  docker rm node-app -f
 1569  docker build -t node-app-image .
 1570  docker run -p 3000:3000 -d --name node-app node-app-image
 1571  docker ps
 1572  docker exec -it node-app bash
 1573  docker rm node-app -f
 1574  docker run -v $(pwd):/app -p 3000:3000 -d --name node-app node-app-image
 1575  docker ps
 1576  docker exec -it node-app bash
 1577  docker rm node-app -f
 1578  docker run -v $(pwd):/app -p 3000:3000 -d --name node-app node-app-image
 1579  docker ps
 1580  docker rm node-app -f
 1581  docker build -t node-app-image .
 1582  docker run -v $(pwd):/app -p 3000:3000 -d --name node-app node-app-image
 1583  docker ps 
 1584  docker logs node-app
 1585  docker rm node-app -f
 1586  docker run -v $(pwd):/app -v /app/node_modules -p 3000:3000 -d --name node-app node-app-image
 1587  docker ps 
 1588  docker rm node-app -f
 1589  docker run -v $(pwd):/app -v /app/node_modules --env PORT=4000 -p 3000:3000 -d --name node-app node-app-image
 1590  docker rm node-app -f
 1591  docker build -t node-app-image .
 1592  docker run -v $(pwd):/app -v /app/node_modules --env PORT=4000 -p 3000:3000 -d --name node-app node-app-image
 1593  docker ps
 1594  docker rm node-app -f
 1595  docker build -t node-app-image .
 1596  docker run -v $(pwd):/app -v /app/node_modules --env-file -p 3000:4000 -d --name node-app node-app-image
 1597  docker run -v $(pwd):/app -v /app/node_modules --env-file ./.env -p 3000:4000 -d --name node-app node-app-image
 1598  docker rm node-app -f
 1599  docker run -v $(pwd):/app -v /app/node_modules --env-file ./.env -p 3000:4000 -d --name node-app node-app-image
 1600  docker exec -it node-app bash
 1601  docker volume ls
 1602  docker volume prune
 1603  docker volume ls
 1604  docker rm node-app -fv
 1605  docker ps
 1606  docker build -t node-app-image .
 1607  docker-compose up -d
 1608  docker image ls
 1609  docker image prune
 1610  docker image ls
 1611  docker image rm 39d2e2d79061
 1612  docker image rm 39d2e2d79061 -f
 1613  docker ps
 1614  docker stop my_docker_node-app_1
 1615  docker rm my_docker_node-app_1 -f
 1616  docker ps
 1617  docker image ls
 1618  docker image rm 39d2e2d79061
 1619  docker image ls
 1620  docker volume ls
 1621  docker volume prune
 1622  docker volume ls
 1623  docker-compose up -d
 1624  docker-compose down -v
 1625  docker ps
 1626  docker volume ls
 1627  docker rm node-app -fv
 1628  docker-compose up -d
 1629  docker image ls
 1630  docker ps
 1631  docker-compose down -v
 1632  docker-compose up -d --build
 1633  docker ps
 1634  docker-compose down -v
 1635  docker ps
 1636  docker-compose -f docker-compose.yml -f docker-compose.dev.yml up -d
 1637  docker ps
 1638  docker-compose -f docker-compose.yml -f docker-compose.dev.yml down -v
 1639  docker-compose -f docker-compose.yml -f docker-compose.prod.yml up -d
 1640  docker-compose -f docker-compose.yml -f docker-compose.prod.yml down -v
 1641  docker-compose -f docker-compose.yml -f docker-compose.prod.yml up -d --build
 1642  docker ps
 1643  docker exec -it my_docker_node-app_1 bash
 1644  docker-compose -f docker-compose.yml -f docker-compose.prod.yml down -v
 1645  docker-compose -f docker-compose.yml -f docker-compose.dev.yml up -d --build
 1646  docker ps
 1647  docker-compose -f docker-compose.yml -f docker-compose.dev.yml down -v
 1648  docker-compose -f docker-compose.yml -f docker-compose.prod.yml up -d --build
 1649  docker ps
 1650  docker exec -it my_docker_node-app_1 bash
 1651  docker-compose -f docker-compose.yml -f docker-compose.dev.yml up -d 
 1652  docker ps
 1653  docker-compose -f docker-compose.yml -f docker-compose.prod.yml up -d --build
 1654  docker ps
 1655  docker exec -it my_docker_mongo_1 bash
 1656  mongo
 1657  docker exec -it my_docker_mongo_1 bash
 1658  mongo
 1659  docker exec -it my_docker_mongo_1 bash
 1660  mongo
 1661  docker exec -it my_docker_mongo_1 mong -u "thiernos" -p "mypassword" bash
 1662  docker exec -it my_docker_mongo_1 mongo -u "thiernos" -p "mypassword" 
 1663  docker exec -it my_docker_mongo_1 mongodb -u "thiernos" -p "mypassword" 
 1664  mongdb
 1665  docker-compose -f docker-compose.yml -f docker-compose.dev.yml down -v
 1666  docker ps
 1667  docker-compose -f docker-compose.yml -f docker-compose.dev.yml down -v
 1668  docker ps
 1669  docker-compose -f docker-compose.yml -f docker-compose.dev.yml up -d
 1670  docker ps
 1671  docker exec -it my_docker_mongo_1 mongo -u "thiernos" -p "mypassword" 
 1672  docker volume ls
 1673  docker-compose -f docker-compose.yml -f docker-compose.dev.yml up -d
 1674  docker exec -it my_docker_mongo_1 mongo -u "thiernos" -p "mypassword" 
 1675  docker-compose up -d
 1676  docker-compose -f docker-compose.yml -f docker-compose.dev.yml up -d
 1677  docker ps
 1678  docker exec -it my_docker_mongo_1 mongo -u "thiernos" -p "mypassword" 
 1679  docker ps
 1680  docker exec -it my_docker_mongo_1  mongo -u "thiernos" -p "mypassword" 
 1681  docker-compose -f docker-compose.yml -f docker-compose.dev.yml down -v
 1682  docker-compose -f docker-compose.yml -f docker-compose.dev.yml up -d --build
 1683  docker ps
 1684  docker-compose -f docker-compose.yml -f docker-compose.dev.yml up -d 
 1685  docker ps
 1686  docker exec -it my_docker_mongo_1  mongo -u "thiernos" -p "mypassword" 
 1687  docker volume ls
 1688  docker ps
 1689  docker-compose -f docker-compose.yml -f docker-compose.dev.yml down -v
 1690  docker ps
 1691  docker-compose -f docker-compose.yml -f docker-compose.dev.yml up -d 
 1692  docker ps
 1693  docker exec -it my_docker_mongo_1  mongo -u "thiernos" -p "mypassword" 
 1694  docker-compose -f docker-compose.yml -f docker-compose.dev.yml down 
 1695  docker volume ls
 1696  docker volume prune
 1697  docker volume ls
 1698  docker-compose -f docker-compose.yml -f docker-compose.dev.yml up -d 
 1699  docker volume ls
 1700  docker volume prune
 1701  docker volume ls
 1702  docker ps
 1703  docker exec -it my_docker_mongo_1  mongo -u "thiernos" -p "mypassword" 
 1704  docker run -d --name mongo mongo:6
 1705  docker exec -it mongo mongosh
 1706  docker exec -it my_docker_mongo_1  mongo -u "thiernos" -p "mypassword" 
 1707  docker exec -it my_docker_mongo_1  mongosh -u "thiernos" -p "mypassword" 
 1708  docker ps
 1709  docker stop f2e61124d8af
 1710  docker rm f2e61124d8af -f
 1711  docker ps
 1712  docker exec -it my_docker_mongo_1  mongosh -u "thiernos" -p "mypassword" 
 1713  docker ps
 1714  docker inspect my_docker_node-app_1 
 1715  docker ps
 1716  docker inspect my_docker_mongo_1
 1717  docker ps
 1718  docker logs my_docker_node-app_1 
 1719  docker network ls
 1720  docker logs my_docker_node-app_1 -f
 1721  docker ps
 1722  docker exec -it my_docker_node-app_1 bash
 1723  docker network ls
 1724  docker network inspect my_docker_default
 1725  docker logs my_docker_node-app_1 -f
 1726  docker-compose -f docker-compose.yml -f docker-compose.dev.yml down
 1727  docker ps
 1728  docker-compose -f docker-compose.yml -f docker-compose.dev.yml up -d
 1729  docker ps
 1730  docker logs my_docker_mongo_1 -f
 1731  docker logs my_docker_node-app_1
 1732  docker logs my_docker_node-app_1 -f
 1733  docker-compose -f docker-compose.yml -f docker-compose.dev.yml down
 1734  docker-compose -f docker-compose.yml -f docker-compose.dev.yml up -d
 1735  docker-compose -f docker-compose.yml -f docker-compose.dev.yml down
 1736  docker-compose -f docker-compose.yml -f docker-compose.dev.yml up -d node-app
 1737  docker ps
 1738  docker-compose -f docker-compose.yml -f docker-compose.dev.yml down
 1739  docker-compose -f docker-compose.yml -f docker-compose.dev.yml up -d --no-deps node-app
 1740  docker ps
 1741  docker logs my_docker_node-app_1 -f
 1742  docker-compose -f docker-compose.yml -f docker-compose.dev.yml up -d mongo
 1743  docker ps
 1744  docker logs my_docker_node-app_1 -f
 1745  docker-compose -f docker-compose.yml -f docker-compose.dev.yml down
 1746  docker-compose -f docker-compose.yml -f docker-compose.dev.yml up -d --build
 1747  docker ps
 1748  docker-compose -f docker-compose.yml -f docker-compose.dev.yml down
 1749  docker ps
 1750  docker-compose -f docker-compose.yml -f docker-compose.dev.yml up -d --build
 1751  docker ps
 1752  docker-compose -f docker-compose.yml -f docker-compose.dev.yml down
 1753  docker-compose -f docker-compose.yml -f docker-compose.dev.yml up -d 
 1754  docker ps
 1755  docker-compose -f docker-compose.yml -f docker-compose.dev.yml up -d 
 1756  ocker run --name some-redis -d redis
 1757  docker run --name some-redis -d redis
 1758  docker ps
 1759  docker-compose -f docker-compose.yml -f docker-compose.dev.yml up -d --build
 1760  docker-compose -f docker-compose.yml -f docker-compose.dev.yml down
 1761  docker ps
 1762  docker stop some-redis
 1763  docker rm some-redis -f
 1764  docker ps
 1765  docker-compose -f docker-compose.yml -f docker-compose.dev.yml up -d 
 1766  docker-compose -f docker-compose.yml -f docker-compose.dev.yml up -d --build
 1767  docker-compose -f docker-compose.yml -f docker-compose.dev.yml up -d --build -V
 1768  docker-compose -f docker-compose.yml -f docker-compose.dev.yml up -d 
 1769  docker ps
 1770  docker logs my_docker_node-app_1 -f
 1771  docker-compose -f docker-compose.yml -f docker-compose.dev.yml up -d 
 1772  docker ps
 1773  docker logs my_docker_node-app_1 -f
 1774  docker ps
 1775  docker exec -it my_docker_node-app_1 bash
 1776  docker exec -it my_docker_node-app_1 redis-cli
 1777  redis-server --version
 1778  redis-cli
 1779  docker exec -it my_docker_node-app_1 redis-cli
 1780  docker exec -it redis-cli my_docker_node-app_1 
 1781  docker exec -it my_docker_node-app_1 redis-cli
 1782  redis-cli
 1783  docker exec -it my_docker_node-app_1 redis-cli
 1784  redis-cli
 1785  INFO
 1786  docker exec -it my_docker_node-app_1 redis-cli
 1787  redis-cli
 1788  docker-compose -f docker-compose.yml -f docker-compose.dev.yml down 
 1789  redis-cli
 1790  docker ps
 1791  mkdir my_docker
 1792  cd my_docker
 1793  npm init -y
 1794  npm i express
 1795  touch index.js
 1796  code .
 1797  node --v
 1798  node -v
 1799  cd 
 1800  mongoose -v
 1801  mongodb -v
 1802  mongo -v
 1803  mongo
 1804  node -v
 1805  mongo
 1806  cd my_docker
 1807  npm install mongoose
 1808  sudo npm install mongoose
 1809  cd
 1810  redis-server -v
 1811  su -
 1812  bash -c 'for W in $(wmctrl -l |grep "Visual Studio Code" |awk '"'"'{print $1}'"'"'); do xprop -id $W -format _NET_WM_WINDOW_OPACITY 32c -set _NET_WM_WINDOW_OPACITY $(printf 0x%x $((0xffffffff * 97 / 100))); done'
 1813  exit
 1814  sudo fdisk -l
 1815  docker logs my_docker_node-app_2 -f
 1816  bash -c 'for W in $(wmctrl -l |grep "Visual Studio Code" |awk '"'"'{print $1}'"'"'); do xprop -id $W -format _NET_WM_WINDOW_OPACITY 32c -set _NET_WM_WINDOW_OPACITY $(printf 0x%x $((0xffffffff * 97 / 100))); done'
 1817  exit
 1818  docker ps
 1819  docker-compose -f docker-compose.yml -f docker-compose.dev.yml up -d
 1820  docker ps
 1821  docker image ls
 1822  docker image prune
 1823  docker image ls
 1824  docker login
 1825  docker image ls
 1826  docker image tag my_docker_node-app thiernos
 1827  /
 1828  docker image tag my_docker_node-app thiernos/my-docker
 1829  docker image ls
 1830  docker push thiernos/my-docker 
 1831  docker-compose -f docker-compose.yml -f docker-compose.prod.yml build
 1832  docker-compose -f docker-compose.yml -f docker-compose.prod.yml build node-app
 1833  docker-compose -f docker-compose.yml -f docker-compose.prod.yml push node-app
 1834  docker-compose -f docker-compose.yml -f docker-compose.prod.yml pull
 1835  docker image ls
 1836  docker-compose -f docker-compose.yml -f docker-compose.prod.yml up -d
 1837  docker-compose -f docker-compose.yml -f docker-compose.prod.yml up -d --no-deps node-app
 1838  docker-compose -f docker-compose.yml -f docker-compose.prod.yml build node-app
 1839  docker-compose -f docker-compose.yml -f docker-compose.prod.yml push node-app
 1840  docker ps
 1841  docker-compose -f docker-compose.yml -f docker-compose.prod.yml down
 1842  docker ps
 1843  git add --all
 1844  git commit -m "added image field"
 1845  git push
 1846  id addr
 1847  ls
 1848  exit
 1849  ssh thierno@192.168.1.28
 1850  ip addr
 1851  ifconfig
 1852  ip addr
 1853  roote
 1854  roote -n
 1855  systemd-resolve --status
 1856  su -
 1857  bash -c 'for W in $(wmctrl -l |grep "Visual Studio Code" |awk '"'"'{print $1}'"'"'); do xprop -id $W -format _NET_WM_WINDOW_OPACITY 32c -set _NET_WM_WINDOW_OPACITY $(printf 0x%x $((0xffffffff * 97 / 100))); done'
 1858  exit
 1859  mkdir eCommerce-mern
 1860  cd eCommerce-mern
 1861  mkdir backend
 1862  cd backend
 1863  cd ..
 1864  code .
 1865  clear
 1866  cd backend
 1867  npm install --save express-validator
 1868  npm i bcrypt
 1869  npm i jsonwebtoken
 1870  cd backend
 1871  npm init y
 1872  npm init -y
 1873  npm i express
 1874  npm i dotenv
 1875  node index.js
 1876  npm i nodemon -D
 1877  nodemon index.js
 1878  clear
 1879  npm run server
 1880  npm i mongoose
 1881  npm run server
 1882  clear
 1883  npm run server
 1884  bash -c 'for W in $(wmctrl -l |grep "Visual Studio Code" |awk '"'"'{print $1}'"'"'); do xprop -id $W -format _NET_WM_WINDOW_OPACITY 32c -set _NET_WM_WINDOW_OPACITY $(printf 0x%x $((0xffffffff * 97 / 100))); done'
 1885  exit
 1886  cd ..
 1887  clear
 1888  npm create vite@latest
 1889  npm i
 1890  npm run dev
 1891  npm create vite@latest my-project -- --template react
 1892  npm install -D tailwindcss postcss autoprefixer
 1893  npx tailwindcss init -p
 1894  npm run dev
 1895  npx create-react-app client
 1896  cd client
 1897  npm install -D tailwindcss postcss autoprefixer
 1898  npx tailwindcss init -p
 1899  npm i react-router-dom@6
 1900  npx tailwindcss init --full
 1901  # NPM
 1902  npm install @reduxjs/toolkit
 1903  npm uninstall @reduxjs/toolkit
 1904  npm install @reduxjs/toolkit react-redux
 1905  npm run dev
 1906  npm i
 1907  npm run server
 1908  clear
 1909  npm run server
 1910  @tailwind base;
 1911  @tailwind components;
 1912  npm i concurrently
 1913  npm run dev
 1914  bash -c 'for W in $(wmctrl -l |grep "Visual Studio Code" |awk '"'"'{print $1}'"'"'); do xprop -id $W -format _NET_WM_WINDOW_OPACITY 32c -set _NET_WM_WINDOW_OPACITY $(printf 0x%x $((0xffffffff * 97 / 100))); done'
 1915  exit
 1916  cd backend
 1917  npm run dev
 1918  cd backend
 1919  npm i cors
 1920  bash -c 'for W in $(wmctrl -l |grep "Visual Studio Code" |awk '"'"'{print $1}'"'"'); do xprop -id $W -format _NET_WM_WINDOW_OPACITY 32c -set _NET_WM_WINDOW_OPACITY $(printf 0x%x $((0xffffffff * 97 / 100))); done'
 1921  exit
 1922  npm run dev
 1923  bash -c 'for W in $(wmctrl -l |grep "Visual Studio Code" |awk '"'"'{print $1}'"'"'); do xprop -id $W -format _NET_WM_WINDOW_OPACITY 32c -set _NET_WM_WINDOW_OPACITY $(printf 0x%x $((0xffffffff * 97 / 100))); done'
 1924  exit
 1925  npm i
 1926  npm run dev
 1927  npm install
 1928  npm run dev
 1929  npm start
 1930  /home/becode/.npm/_logs/2022-10-20T11_29_54_597Z-debug-0.log
 1931  sudo /home/becode/.npm/_logs/2022-10-20T11_29_54_597Z-debug-0.log
 1932  npm run dev
 1933  cd /tmp/dev-2f8f4ea9.sh
 1934  npm run dev
 1935  cd  modern_nike@0.0.0 dev
 1936  modern_nike@0.0.0 
 1937  npm run dev
 1938  bash -c 'for W in $(wmctrl -l |grep "Visual Studio Code" |awk '"'"'{print $1}'"'"'); do xprop -id $W -format _NET_WM_WINDOW_OPACITY 32c -set _NET_WM_WINDOW_OPACITY $(printf 0x%x $((0xffffffff * 97 / 100))); done'
 1939  exit
 1940  cd modern_nike
 1941  npm run dev
 1942  npm i
 1943  npm start
 1944  npm run dev
 1945  cd ..
 1946  cd client
 1947  npm i jwt-decode
 1948  bash -c 'for W in $(wmctrl -l |grep "Visual Studio Code" |awk '"'"'{print $1}'"'"'); do xprop -id $W -format _NET_WM_WINDOW_OPACITY 32c -set _NET_WM_WINDOW_OPACITY $(printf 0x%x $((0xffffffff * 97 / 100))); done'
 1949  exit
 1950  vi text
 1951  cat text
 1952  pwd
 1953  fing text |  gerp paiul
 1954  find text |  grep paiul
 1955  sudo add-apt-repository ppa:gezakovacs/ppa
 1956  sudo apt-get update
 1957  sudo apt-get install unetbootin
 1958  unetbootin -v
 1959  unetbootin --v
 1960  apt-cache search unetbootin
 1961  apt-get update
 1962  sudo apt-get update
 1963  unetbootin --version
 1964  sudo chmod +x ./unetbootin-linux
 1965  su -
 1966  pwd
 1967  ls
 1968  npm run dev
 1969  df
 1970  sudo umount /dev/sdb1 
 1971  sudo mkfs.vfat -m 'USB2' -I /dev/sdb1 
 1972  cd /dev/sdb1
 1973  ls
 1974  exit
 1975  df
 1976  sudo umount /dev/sdb1 
 1977  df
 1978  cd /dev/sda1
 1979  sudo mount /dev/sdb1 
 1980  ls
 1981  ssh ubuntu@192.168.1.41
 1982  clear
 1983  sudo apt list --installed | grep openssh-server
 1984  sudo apt install openssh-server
 1985  sudo service ssh status
 1986  sudo service ssh start
 1987  sudo service ssh restart
 1988  ssh ubuntu@192.168.1.41
 1989  sudo netstat -ltnp | grep sshd
 1990  ssh -p ubuntu@192.168.1.41
 1991  sudo ufw allow port /tcp
 1992  sudo ufw allow 2244/tcp
 1993  cd /usr/share/ufw/check-requirements
 1994  cd /home/becode/usr/share/ufw/check-requirements
 1995  ssh ubuntu@192.168.1.41
 1996  clear
 1997  vi /etc/ssh/sshd_config 
 1998  ls
 1999  exit
 2000  ssh thierno@192.168.1.41
 2001  clear
 2002  mkdir devSecOps
 2003  cd devSecOps
 2004  vi people
 2005  head -n 20 people
 2006  ls
 2007  vi crimescene
 2008  grep "CLUE" crimescene
 2009  vi vehicles
 2010  head vehicles
 2011  head people
 2012  grep "Annabel" people
 2013  ls
 2014  head -n 173 streets/Mattapan_street | tail -n 1
 2015  cd streets
 2016  ls
 2017  cat Jersey_Street
 2018  ls
 2019  head -n 173 streets/Mattapan_Street | tail -n 1
 2020  cd ..
 2021  head -n 173 'streets/Mattapan_Street' | tail -n 1
 2022  cd streets
 2023  cat Mattapan_Street
 2024  head -n 173 streets/Mattapan_Street | tail -n 1
 2025  head -n 173 'streets/Mattapan_Street' | tail -n 1
 2026  head -n 173 | tail -n 1
 2027  head -n 173 'streets/Mattapan_Street' | tail -n 1
 2028  head -n 173
 2029  cd 
 2030  cd devSecOps
 2031  head -n 173 'streets/Mattapan_Street' | tail -n 1
 2032  head -n 173 streets/Mattapan_Street | tail -n 1
 2033  grep 'Honda' vehicules
 2034  ls
 2035  cd vehicules
 2036  ls
 2037  rm vehicles
 2038  ls
 2039  vi vehicles
 2040  grep 'Honda' vehicles
 2041  grep 'Blue' vehicles
 2042  grep 'L337' vehicles
 2043  grep -A 5 "L337" vehicles
 2044  grep -B 5 "L337" vehicles
 2045  grep -C 5 "L337" vehicles
 2046  cd
 2047  cd devSecOps
 2048  ls
 2049  clear
 2050  history
 2051  clear
 2052  cat Fitness_Galaxy AAA United_MileagePlus | grep "John Smith"
 2053  ls
 2054  In order to actually get information about vehicles that might match our description,
 2055  we need to get multiple lines AROUND each match.  We can use the -A, -B, or -C option with grep:
 2056  grep -A 5 "L337" mystery/vehicles
 2057  clear
 2058  ls
 2059  cd mystery
 2060  head -n 20 people
 2061  grep "CLUE" crimescene
 2062  head people vehicles
 2063  grep "annabel" people
 2064  grep "Annabel" people
 2065  head -n 173 streets/Mattapan_Street | tail -n 1
 2066  ls
 2067  grep "9437737" interviews
 2068  grep -n interviews/9437737
 2069  grep interviews/9437737
 2070  cd interviews
 2071  ls | grep 9437737
 2072  ls | grep interview-9437737
 2073  ls interview-9437737
 2074  cd interview-9437737
 2075  cls
 2076  ls
 2077  cat 
 2078  cat interview-9437737
 2079  cd ..
 2080  grep Véhicules "Honda"
 2081  grep "Honda" vehicles
 2082  grep "L337" vehicles
 2083  grep "Blue" vehicles
 2084  grep -A 5 "L337" mystery/vehicles
 2085  grep -A 5 "L337" vehicles
 2086  cat Fitness_Galaxy AAA United_MileagePlus | grep "John Smith"
 2087  wc -l crimescene 
 2088  cat crimescene | grep -iC3 "spiky"
 2089  cd memberships/
 2090  cat AAA
 2091  cat AAA Delta_SkyMiles Museum_of_Bash_History|sort > cartes
 2092  cat cartes
 2093  cd ..
 2094  cd interviews/
 2095  grep "Bowers" *
 2096  grep "Maher" *
 2097  echo "Le coupable est Jeremy Bowers"
 2098  history > mon_historique.log
